<?xml version="1.0" encoding="UTF-8"?>
<testsuite xmlns:xsi="http://www.w3.org/2001/XMLSchema-instance" xsi:noNamespaceSchemaLocation="https://maven.apache.org/surefire/maven-surefire-plugin/xsd/surefire-test-report.xsd" name="com.comp301.a09akari.AppTest" time="0.076" tests="7" errors="0" skipped="0" failures="0">
  <properties>
[...]
</properties>
  <testcase name="indexTest" classname="com.comp301.a09akari.AppTest" time="0.012"/>
  <testcase name="puzzle1" classname="com.comp301.a09akari.AppTest" time="0"/>
  <testcase name="puzzle2" classname="com.comp301.a09akari.AppTest" time="0"/>
  <testcase name="puzzle3" classname="com.comp301.a09akari.AppTest" time="0"/>
  <testcase name="puzzle4" classname="com.comp301.a09akari.AppTest" time="0"/>
  <testcase name="puzzle5" classname="com.comp301.a09akari.AppTest" time="0"/>
  <testcase name="puzzle1x1" classname="com.comp301.a09akari.AppTest" time="0"/>
</testsuite>